<?xml version="1.0" encoding="UTF-8"?>
<testsuite xmlns:xsi="http://www.w3.org/2001/XMLSchema-instance" xsi:noNamespaceSchemaLocation="https://maven.apache.org/surefire/maven-surefire-plugin/xsd/surefire-test-report-3.0.xsd" version="3.0" name="org.acme.rest.GreetingResourceTest" time="2.951" tests="1" errors="0" skipped="0" failures="0">
  <properties>
[...]
</properties>
  <testcase name="testHelloEndpoint" classname="org.acme.rest.GreetingResourceTest" time="1.197">
    <system-out><![CDATA[2020-10-15 15:05:17,878 WARN  [io.qua.config] (main) Unrecognized configuration key "quarkus.kubernetes.deploy" was provided; it will be ignored; verify that the dependency extension for this configuration is set or you did not make a typo
2020-10-15 15:05:18,293 INFO  [io.quarkus] (main) Quarkus 1.9.0.CR1 on JVM started in 1.500s. Listening on: http://0.0.0.0:8081
2020-10-15 15:05:18,293 INFO  [io.quarkus] (main) Profile test activated. 
2020-10-15 15:05:18,293 INFO  [io.quarkus] (main) Installed features: [cdi, kubernetes, kubernetes-client, resteasy]
]]></system-out>
  </testcase>
</testsuite>